#
# There is insufficient memory for the Java Runtime Environment to continue.
# Native memory allocation (mmap) failed to map 65536 bytes. Error detail: Failed to commit metaspace.
# Possible reasons:
#   The system is out of physical RAM or swap space
#   This process is running with CompressedOops enabled, and the Java Heap may be blocking the growth of the native heap
# Possible solutions:
#   Reduce memory load on the system
#   Increase physical memory or swap space
#   Check if swap backing store is full
#   Decrease Java heap size (-Xmx/-Xms)
#   Decrease number of Java threads
#   Decrease Java thread stack sizes (-Xss)
#   Set larger code cache with -XX:ReservedCodeCacheSize=
#   JVM is running with Zero Based Compressed Oops mode in which the Java heap is
#     placed in the first 32GB address space. The Java Heap base address is the
#     maximum limit for the native heap growth. Please use -XX:HeapBaseMinAddress
#     to set the Java Heap base and to place the Java Heap above 32GB virtual address.
# This output file may be truncated or incomplete.
#
#  Out of Memory Error (virtualSpaceNode.cpp:110), pid=22804, tid=8596
#
# JRE version: OpenJDK Runtime Environment JBR-17.0.11+1-1207.24-jcef (17.0.11+1) (build 17.0.11+1-b1207.24)
# Java VM: OpenJDK 64-Bit Server VM JBR-17.0.11+1-1207.24-jcef (17.0.11+1-b1207.24, mixed mode, tiered, compressed oops, compressed class ptrs, g1 gc, windows-amd64)
# No core dump will be written. Minidumps are not enabled by default on client versions of Windows
#

---------------  S U M M A R Y ------------

Command Line: git4idea.http.GitAskPassApp Password for 'https://DanilAlekseev@github.com': 

Host: AMD Ryzen 5 4600H with Radeon Graphics         , 12 cores, 15G,  Windows 11 , 64 bit Build 22621 (10.0.22621.457)
Time: Sat Jun 15 15:46:58 2024 RTZ 2 (s 11 , 64 bit Build 22621 (10.0.22621.457) elapsed time: 0.466106 seconds (0d 0h 0m 0s)

---------------  T H R E A D  ---------------

Current thread (0x0000018bad9f9a00):  JavaThread "main" [_thread_in_vm, id=8596, stack(0x000000530bb00000,0x000000530bc00000)]

Stack: [0x000000530bb00000,0x000000530bc00000]
Native frames: (J=compiled Java code, j=interpreted, Vv=VM code, C=native code)
V  [jvm.dll+0x6877f9]
V  [jvm.dll+0x8411aa]
V  [jvm.dll+0x842e2e]
V  [jvm.dll+0x843493]
V  [jvm.dll+0x249fdf]
V  [jvm.dll+0x83c03b]
V  [jvm.dll+0x62bc86]
V  [jvm.dll+0x62bcea]
V  [jvm.dll+0x62e51a]
V  [jvm.dll+0x62c626]
V  [jvm.dll+0x23f080]
V  [jvm.dll+0x1ed8bb]
V  [jvm.dll+0x1e31fc]
V  [jvm.dll+0x54c22c]
V  [jvm.dll+0x1f3d7b]
V  [jvm.dll+0x7b975b]
V  [jvm.dll+0x7babc9]
V  [jvm.dll+0x7baf18]
V  [jvm.dll+0x241a0e]
V  [jvm.dll+0x241c5f]
V  [jvm.dll+0x56a473]
V  [jvm.dll+0x56c9a4]
V  [jvm.dll+0x389bcb]
V  [jvm.dll+0x389682]
C  0x0000018bb9ea8a95

The last pc belongs to getstatic (printed below).
Java frames: (J=compiled Java code, j=interpreted, Vv=VM code)
j  java.lang.Long.valueOf(J)Ljava/lang/Long;+20 java.base@17.0.11
j  java.lang.invoke.StringConcatFactory.generateMHInlineCopy(Ljava/lang/invoke/MethodType;Ljava/util/List;)Ljava/lang/invoke/MethodHandle;+554 java.base@17.0.11
j  java.lang.invoke.StringConcatFactory.makeConcatWithConstants(Ljava/lang/invoke/MethodHandles$Lookup;Ljava/lang/String;Ljava/lang/invoke/MethodType;Ljava/lang/String;[Ljava/lang/Object;)Ljava/lang/invoke/CallSite;+220 java.base@17.0.11
j  java.lang.invoke.DirectMethodHandle$Holder.invokeStatic(Ljava/lang/Object;Ljava/lang/Object;Ljava/lang/Object;Ljava/lang/Object;Ljava/lang/Object;Ljava/lang/Object;)Ljava/lang/Object;+18 java.base@17.0.11
j  java.lang.invoke.DelegatingMethodHandle$Holder.delegate(Ljava/lang/Object;Ljava/lang/Object;Ljava/lang/Object;Ljava/lang/Object;Ljava/lang/Object;Ljava/lang/Object;)Ljava/lang/Object;+21 java.base@17.0.11
j  java.lang.invoke.Invokers$Holder.invokeExact_MT(Ljava/lang/Object;Ljava/lang/Object;Ljava/lang/Object;Ljava/lang/Object;Ljava/lang/Object;Ljava/lang/Object;Ljava/lang/Object;)Ljava/lang/Object;+26 java.base@17.0.11
j  java.lang.invoke.BootstrapMethodInvoker.invoke(Ljava/lang/Class;Ljava/lang/invoke/MethodHandle;Ljava/lang/String;Ljava/lang/Object;Ljava/lang/Object;Ljava/lang/Class;)Ljava/lang/Object;+157 java.base@17.0.11
j  java.lang.invoke.CallSite.makeSite(Ljava/lang/invoke/MethodHandle;Ljava/lang/String;Ljava/lang/invoke/MethodType;Ljava/lang/Object;Ljava/lang/Class;)Ljava/lang/invoke/CallSite;+8 java.base@17.0.11
j  java.lang.invoke.MethodHandleNatives.linkCallSiteImpl(Ljava/lang/Class;Ljava/lang/invoke/MethodHandle;Ljava/lang/String;Ljava/lang/invoke/MethodType;Ljava/lang/Object;[Ljava/lang/Object;)Ljava/lang/invoke/MemberName;+6 java.base@17.0.11
j  java.lang.invoke.MethodHandleNatives.linkCallSite(Ljava/lang/Object;ILjava/lang/Object;Ljava/lang/Object;Ljava/lang/Object;Ljava/lang/Object;[Ljava/lang/Object;)Ljava/lang/invoke/MemberName;+46 java.base@17.0.11
v  ~StubRoutines::call_stub
j  jdk.internal.net.http.HttpClientImpl.<init>(Ljdk/internal/net/http/HttpClientBuilderImpl;Ljdk/internal/net/http/HttpClientImpl$SingleFacadeFactory;)V+121 java.net.http@17.0.11
j  jdk.internal.net.http.HttpClientImpl.create(Ljdk/internal/net/http/HttpClientBuilderImpl;)Ljdk/internal/net/http/HttpClientFacade;+14 java.net.http@17.0.11
j  jdk.internal.net.http.HttpClientBuilderImpl.build()Ljava/net/http/HttpClient;+1 java.net.http@17.0.11
j  externalApp.ExternalAppUtil.sendIdeRequest(Ljava/lang/String;ILjava/lang/String;Ljava/lang/String;)LexternalApp/ExternalAppUtil$Result;+77
j  git4idea.http.GitAskPassApp.main([Ljava/lang/String;)V+37
v  ~StubRoutines::call_stub
getstatic  178 getstatic  [0x0000018bb9ea89e0, 0x0000018bb9ea8be0]  512 bytes
[MachCode]
  0x0000018bb9ea89e0: 4883 ec08 | c5fa 1104 | 24eb 1f48 | 83ec 10c5 | fb11 0424 | eb14 4883 | ec10 4889 | 0424 48c7 
  0x0000018bb9ea8a00: 4424 0800 | 0000 00eb | 0150 410f | b755 0148 | 8b4d d0c1 | e202 8b5c | d120 c1eb | 1081 e3ff 
  0x0000018bb9ea8a20: 0000 0081 | fbb2 0000 | 000f 84b6 | 0000 00bb | b200 0000 | e805 0000 | 00e9 9b00 | 0000 488b 
  0x0000018bb9ea8a40: d348 8d44 | 2408 4c89 | 6dc0 498b | cfc5 f877 | 4989 afa8 | 0200 0049 | 8987 9802 | 0000 4883 
  0x0000018bb9ea8a60: ec20 f7c4 | 0f00 0000 | 0f84 1a00 | 0000 4883 | ec08 49ba | 2096 38c1 | fa7f 0000 | 41ff d248 
  0x0000018bb9ea8a80: 83c4 08e9 | 0d00 0000 | 49ba 2096 | 38c1 fa7f | 0000 41ff | d248 83c4 | 2049 c787 | 9802 0000 
  0x0000018bb9ea8aa0: 0000 0000 | 49c7 87a8 | 0200 0000 | 0000 0049 | c787 a002 | 0000 0000 | 0000 c5f8 | 7749 817f 
  0x0000018bb9ea8ac0: 0800 0000 | 000f 8405 | 0000 00e9 | 3084 feff | 4c8b 6dc0 | 4c8b 75c8 | c341 0fb7 | 5501 488b 
  0x0000018bb9ea8ae0: 4dd0 c1e2 | 0248 8b5c | d130 8b44 | d138 4c8b | 4cd1 284d | 8b49 704d | 8b09 c1e8 | 1c83 e00f 
  0x0000018bb9ea8b00: 0f85 0b00 | 0000 410f | be04 1950 | e9b5 0000 | 0083 f801 | 0f85 0b00 | 0000 410f | b604 1950 
  0x0000018bb9ea8b20: e9a1 0000 | 0083 f808 | 0f85 0e00 | 0000 418b | 0419 48c1 | e003 50e9 | 8a00 0000 | 83f8 040f 
  0x0000018bb9ea8b40: 850a 0000 | 0041 8b04 | 1950 e977 | 0000 0083 | f802 0f85 | 0b00 0000 | 410f b704 | 1950 e963 
  0x0000018bb9ea8b60: 0000 0083 | f803 0f85 | 0b00 0000 | 410f bf04 | 1950 e94f | 0000 0083 | f805 0f85 | 1a00 0000 
  0x0000018bb9ea8b80: 498b 0419 | 4883 ec10 | 4889 0424 | 48c7 4424 | 0800 0000 | 00e9 2c00 | 0000 83f8 | 060f 8514 
  0x0000018bb9ea8ba0: 0000 00c4 | c17a 1004 | 1948 83ec | 08c5 fa11 | 0424 e90f | 0000 00c4 | c17b 1004 | 1948 83ec 
  0x0000018bb9ea8bc0: 10c5 fb11 | 0424 410f | b65d 0349 | 83c5 0349 | ba40 afbb | c1fa 7f00 | 0041 ff24 | da66 6690 
[/MachCode]

---------------  P R O C E S S  ---------------

Threads class SMR info:
_java_thread_list=0x0000018bce8c7d20, length=12, elements={
0x0000018bad9f9a00, 0x0000018bce6f8260, 0x0000018bce6f8b30, 0x0000018bce72a2a0,
0x0000018bce72ab70, 0x0000018bce72d850, 0x0000018bce72e120, 0x0000018bce72ed20,
0x0000018bce72fa40, 0x0000018bce731dd0, 0x0000018bce8e5ad0, 0x0000018bce8f6670
}

Java Threads: ( => current thread )
=>0x0000018bad9f9a00 JavaThread "main" [_thread_in_vm, id=8596, stack(0x000000530bb00000,0x000000530bc00000)]
  0x0000018bce6f8260 JavaThread "Reference Handler" daemon [_thread_blocked, id=28340, stack(0x000000530c200000,0x000000530c300000)]
  0x0000018bce6f8b30 JavaThread "Finalizer" daemon [_thread_blocked, id=21800, stack(0x000000530c300000,0x000000530c400000)]
  0x0000018bce72a2a0 JavaThread "Signal Dispatcher" daemon [_thread_blocked, id=8036, stack(0x000000530c400000,0x000000530c500000)]
  0x0000018bce72ab70 JavaThread "Attach Listener" daemon [_thread_blocked, id=5240, stack(0x000000530c500000,0x000000530c600000)]
  0x0000018bce72d850 JavaThread "Service Thread" daemon [_thread_blocked, id=27180, stack(0x000000530c600000,0x000000530c700000)]
  0x0000018bce72e120 JavaThread "Monitor Deflation Thread" daemon [_thread_blocked, id=14176, stack(0x000000530c700000,0x000000530c800000)]
  0x0000018bce72ed20 JavaThread "C2 CompilerThread0" daemon [_thread_blocked, id=22136, stack(0x000000530c800000,0x000000530c900000)]
  0x0000018bce72fa40 JavaThread "C1 CompilerThread0" daemon [_thread_in_vm, id=23720, stack(0x000000530c900000,0x000000530ca00000)]
  0x0000018bce731dd0 JavaThread "Sweeper thread" daemon [_thread_blocked, id=3372, stack(0x000000530ca00000,0x000000530cb00000)]
  0x0000018bce8e5ad0 JavaThread "Notification Thread" daemon [_thread_blocked, id=23788, stack(0x000000530cb00000,0x000000530cc00000)]
  0x0000018bce8f6670 JavaThread "Common-Cleaner" daemon [_thread_blocked, id=24464, stack(0x000000530cd00000,0x000000530ce00000)]

Other Threads:
  0x0000018bce6d5bd0 VMThread "VM Thread" [stack: 0x000000530c100000,0x000000530c200000] [id=27104]
  0x0000018bce8e5fb0 WatcherThread [stack: 0x000000530cc00000,0x000000530cd00000] [id=12336]
  0x0000018bada64d10 GCTaskThread "GC Thread#0" [stack: 0x000000530bc00000,0x000000530bd00000] [id=2268]
  0x0000018bada759e0 ConcurrentGCThread "G1 Main Marker" [stack: 0x000000530bd00000,0x000000530be00000] [id=27188]
  0x0000018bada76210 ConcurrentGCThread "G1 Conc#0" [stack: 0x000000530be00000,0x000000530bf00000] [id=25488]
  0x0000018bce3f91e0 ConcurrentGCThread "G1 Refine#0" [stack: 0x000000530bf00000,0x000000530c000000] [id=26352]
  0x0000018bce3fa8d0 ConcurrentGCThread "G1 Service" [stack: 0x000000530c000000,0x000000530c100000] [id=20576]

Threads with active compile tasks:
C1 CompilerThread0      493  559       3       java.lang.invoke.LambdaForm::internArgument (85 bytes)

VM state: not at safepoint (normal execution)

VM Mutex/Monitor currently owned by a thread:  ([mutex/lock_event])
[0x0000018bad8c8f60] Metaspace_lock - owner thread: 0x0000018bad9f9a00
[0x0000018bad9f4250] MethodData_lock - owner thread: 0x0000018bce72fa40

Heap address: 0x000000070a000000, size: 3936 MB, Compressed Oops mode: Zero based, Oop shift amount: 3

CDS archive(s) not mapped
Compressed class space mapped at: 0x0000000800000000-0x0000000840000000, reserved size: 1073741824
Narrow klass base: 0x0000000800000000, Narrow klass shift: 0, Narrow klass range: 0x40000000

GC Precious Log:
 CPUs: 12 total, 12 available
 Memory: 15741M
 Large Page Support: Disabled
 NUMA Support: Disabled
 Compressed Oops: Enabled (Zero based)
 Heap Region Size: 2M
 Heap Min Capacity: 8M
 Heap Initial Capacity: 246M
 Heap Max Capacity: 3936M
 Pre-touch: Disabled
 Parallel Workers: 10
 Concurrent Workers: 3
 Concurrent Refinement Workers: 10
 Periodic GC: Disabled

Heap:
 garbage-first heap   total 251904K, used 6144K [0x000000070a000000, 0x0000000800000000)
  region size 2048K, 4 young (8192K), 0 survivors (0K)
 Metaspace       used 10740K, committed 10944K, reserved 1114112K
  class space    used 1021K, committed 1152K, reserved 1048576K

Heap Regions: E=young(eden), S=young(survivor), O=old, HS=humongous(starts), HC=humongous(continues), CS=collection set, F=free, OA=open archive, CA=closed archive, TAMS=top-at-mark-start (previous, next)
|   0|0x000000070a000000, 0x000000070a000000, 0x000000070a200000|  0%| F|  |TAMS 0x000000070a000000, 0x000000070a000000| Untracked 
|   1|0x000000070a200000, 0x000000070a200000, 0x000000070a400000|  0%| F|  |TAMS 0x000000070a200000, 0x000000070a200000| Untracked 
|   2|0x000000070a400000, 0x000000070a400000, 0x000000070a600000|  0%| F|  |TAMS 0x000000070a400000, 0x000000070a400000| Untracked 
|   3|0x000000070a600000, 0x000000070a600000, 0x000000070a800000|  0%| F|  |TAMS 0x000000070a600000, 0x000000070a600000| Untracked 
|   4|0x000000070a800000, 0x000000070a800000, 0x000000070aa00000|  0%| F|  |TAMS 0x000000070a800000, 0x000000070a800000| Untracked 
|   5|0x000000070aa00000, 0x000000070aa00000, 0x000000070ac00000|  0%| F|  |TAMS 0x000000070aa00000, 0x000000070aa00000| Untracked 
|   6|0x000000070ac00000, 0x000000070ac00000, 0x000000070ae00000|  0%| F|  |TAMS 0x000000070ac00000, 0x000000070ac00000| Untracked 
|   7|0x000000070ae00000, 0x000000070ae00000, 0x000000070b000000|  0%| F|  |TAMS 0x000000070ae00000, 0x000000070ae00000| Untracked 
|   8|0x000000070b000000, 0x000000070b000000, 0x000000070b200000|  0%| F|  |TAMS 0x000000070b000000, 0x000000070b000000| Untracked 
|   9|0x000000070b200000, 0x000000070b200000, 0x000000070b400000|  0%| F|  |TAMS 0x000000070b200000, 0x000000070b200000| Untracked 
|  10|0x000000070b400000, 0x000000070b400000, 0x000000070b600000|  0%| F|  |TAMS 0x000000070b400000, 0x000000070b400000| Untracked 
|  11|0x000000070b600000, 0x000000070b600000, 0x000000070b800000|  0%| F|  |TAMS 0x000000070b600000, 0x000000070b600000| Untracked 
|  12|0x000000070b800000, 0x000000070b800000, 0x000000070ba00000|  0%| F|  |TAMS 0x000000070b800000, 0x000000070b800000| Untracked 
|  13|0x000000070ba00000, 0x000000070ba00000, 0x000000070bc00000|  0%| F|  |TAMS 0x000000070ba00000, 0x000000070ba00000| Untracked 
|  14|0x000000070bc00000, 0x000000070bc00000, 0x000000070be00000|  0%| F|  |TAMS 0x000000070bc00000, 0x000000070bc00000| Untracked 
|  15|0x000000070be00000, 0x000000070be00000, 0x000000070c000000|  0%| F|  |TAMS 0x000000070be00000, 0x000000070be00000| Untracked 
|  16|0x000000070c000000, 0x000000070c000000, 0x000000070c200000|  0%| F|  |TAMS 0x000000070c000000, 0x000000070c000000| Untracked 
|  17|0x000000070c200000, 0x000000070c200000, 0x000000070c400000|  0%| F|  |TAMS 0x000000070c200000, 0x000000070c200000| Untracked 
|  18|0x000000070c400000, 0x000000070c400000, 0x000000070c600000|  0%| F|  |TAMS 0x000000070c400000, 0x000000070c400000| Untracked 
|  19|0x000000070c600000, 0x000000070c600000, 0x000000070c800000|  0%| F|  |TAMS 0x000000070c600000, 0x000000070c600000| Untracked 
|  20|0x000000070c800000, 0x000000070c800000, 0x000000070ca00000|  0%| F|  |TAMS 0x000000070c800000, 0x000000070c800000| Untracked 
|  21|0x000000070ca00000, 0x000000070ca00000, 0x000000070cc00000|  0%| F|  |TAMS 0x000000070ca00000, 0x000000070ca00000| Untracked 
|  22|0x000000070cc00000, 0x000000070cc00000, 0x000000070ce00000|  0%| F|  |TAMS 0x000000070cc00000, 0x000000070cc00000| Untracked 
|  23|0x000000070ce00000, 0x000000070ce00000, 0x000000070d000000|  0%| F|  |TAMS 0x000000070ce00000, 0x000000070ce00000| Untracked 
|  24|0x000000070d000000, 0x000000070d000000, 0x000000070d200000|  0%| F|  |TAMS 0x000000070d000000, 0x000000070d000000| Untracked 
|  25|0x000000070d200000, 0x000000070d200000, 0x000000070d400000|  0%| F|  |TAMS 0x000000070d200000, 0x000000070d200000| Untracked 
|  26|0x000000070d400000, 0x000000070d400000, 0x000000070d600000|  0%| F|  |TAMS 0x000000070d400000, 0x000000070d400000| Untracked 
|  27|0x000000070d600000, 0x000000070d600000, 0x000000070d800000|  0%| F|  |TAMS 0x000000070d600000, 0x000000070d600000| Untracked 
|  28|0x000000070d800000, 0x000000070d800000, 0x000000070da00000|  0%| F|  |TAMS 0x000000070d800000, 0x000000070d800000| Untracked 
|  29|0x000000070da00000, 0x000000070da00000, 0x000000070dc00000|  0%| F|  |TAMS 0x000000070da00000, 0x000000070da00000| Untracked 
|  30|0x000000070dc00000, 0x000000070dc00000, 0x000000070de00000|  0%| F|  |TAMS 0x000000070dc00000, 0x000000070dc00000| Untracked 
|  31|0x000000070de00000, 0x000000070de00000, 0x000000070e000000|  0%| F|  |TAMS 0x000000070de00000, 0x000000070de00000| Untracked 
|  32|0x000000070e000000, 0x000000070e000000, 0x000000070e200000|  0%| F|  |TAMS 0x000000070e000000, 0x000000070e000000| Untracked 
|  33|0x000000070e200000, 0x000000070e200000, 0x000000070e400000|  0%| F|  |TAMS 0x000000070e200000, 0x000000070e200000| Untracked 
|  34|0x000000070e400000, 0x000000070e400000, 0x000000070e600000|  0%| F|  |TAMS 0x000000070e400000, 0x000000070e400000| Untracked 
|  35|0x000000070e600000, 0x000000070e600000, 0x000000070e800000|  0%| F|  |TAMS 0x000000070e600000, 0x000000070e600000| Untracked 
|  36|0x000000070e800000, 0x000000070e800000, 0x000000070ea00000|  0%| F|  |TAMS 0x000000070e800000, 0x000000070e800000| Untracked 
|  37|0x000000070ea00000, 0x000000070ea00000, 0x000000070ec00000|  0%| F|  |TAMS 0x000000070ea00000, 0x000000070ea00000| Untracked 
|  38|0x000000070ec00000, 0x000000070ec00000, 0x000000070ee00000|  0%| F|  |TAMS 0x000000070ec00000, 0x000000070ec00000| Untracked 
|  39|0x000000070ee00000, 0x000000070ee00000, 0x000000070f000000|  0%| F|  |TAMS 0x000000070ee00000, 0x000000070ee00000| Untracked 
|  40|0x000000070f000000, 0x000000070f000000, 0x000000070f200000|  0%| F|  |TAMS 0x000000070f000000, 0x000000070f000000| Untracked 
|  41|0x000000070f200000, 0x000000070f200000, 0x000000070f400000|  0%| F|  |TAMS 0x000000070f200000, 0x000000070f200000| Untracked 
|  42|0x000000070f400000, 0x000000070f400000, 0x000000070f600000|  0%| F|  |TAMS 0x000000070f400000, 0x000000070f400000| Untracked 
|  43|0x000000070f600000, 0x000000070f600000, 0x000000070f800000|  0%| F|  |TAMS 0x000000070f600000, 0x000000070f600000| Untracked 
|  44|0x000000070f800000, 0x000000070f800000, 0x000000070fa00000|  0%| F|  |TAMS 0x000000070f800000, 0x000000070f800000| Untracked 
|  45|0x000000070fa00000, 0x000000070fa00000, 0x000000070fc00000|  0%| F|  |TAMS 0x000000070fa00000, 0x000000070fa00000| Untracked 
|  46|0x000000070fc00000, 0x000000070fc00000, 0x000000070fe00000|  0%| F|  |TAMS 0x000000070fc00000, 0x000000070fc00000| Untracked 
|  47|0x000000070fe00000, 0x000000070fe00000, 0x0000000710000000|  0%| F|  |TAMS 0x000000070fe00000, 0x000000070fe00000| Untracked 
|  48|0x0000000710000000, 0x0000000710000000, 0x0000000710200000|  0%| F|  |TAMS 0x0000000710000000, 0x0000000710000000| Untracked 
|  49|0x0000000710200000, 0x0000000710200000, 0x0000000710400000|  0%| F|  |TAMS 0x0000000710200000, 0x0000000710200000| Untracked 
|  50|0x0000000710400000, 0x0000000710400000, 0x0000000710600000|  0%| F|  |TAMS 0x0000000710400000, 0x0000000710400000| Untracked 
|  51|0x0000000710600000, 0x0000000710600000, 0x0000000710800000|  0%| F|  |TAMS 0x0000000710600000, 0x0000000710600000| Untracked 
|  52|0x0000000710800000, 0x0000000710800000, 0x0000000710a00000|  0%| F|  |TAMS 0x0000000710800000, 0x0000000710800000| Untracked 
|  53|0x0000000710a00000, 0x0000000710a00000, 0x0000000710c00000|  0%| F|  |TAMS 0x0000000710a00000, 0x0000000710a00000| Untracked 
|  54|0x0000000710c00000, 0x0000000710c00000, 0x0000000710e00000|  0%| F|  |TAMS 0x0000000710c00000, 0x0000000710c00000| Untracked 
|  55|0x0000000710e00000, 0x0000000710e00000, 0x0000000711000000|  0%| F|  |TAMS 0x0000000710e00000, 0x0000000710e00000| Untracked 
|  56|0x0000000711000000, 0x0000000711000000, 0x0000000711200000|  0%| F|  |TAMS 0x0000000711000000, 0x0000000711000000| Untracked 
|  57|0x0000000711200000, 0x0000000711200000, 0x0000000711400000|  0%| F|  |TAMS 0x0000000711200000, 0x0000000711200000| Untracked 
|  58|0x0000000711400000, 0x0000000711400000, 0x0000000711600000|  0%| F|  |TAMS 0x0000000711400000, 0x0000000711400000| Untracked 
|  59|0x0000000711600000, 0x0000000711600000, 0x0000000711800000|  0%| F|  |TAMS 0x0000000711600000, 0x0000000711600000| Untracked 
|  60|0x0000000711800000, 0x0000000711800000, 0x0000000711a00000|  0%| F|  |TAMS 0x0000000711800000, 0x0000000711800000| Untracked 
|  61|0x0000000711a00000, 0x0000000711a00000, 0x0000000711c00000|  0%| F|  |TAMS 0x0000000711a00000, 0x0000000711a00000| Untracked 
|  62|0x0000000711c00000, 0x0000000711c00000, 0x0000000711e00000|  0%| F|  |TAMS 0x0000000711c00000, 0x0000000711c00000| Untracked 
|  63|0x0000000711e00000, 0x0000000711e00000, 0x0000000712000000|  0%| F|  |TAMS 0x0000000711e00000, 0x0000000711e00000| Untracked 
|  64|0x0000000712000000, 0x0000000712000000, 0x0000000712200000|  0%| F|  |TAMS 0x0000000712000000, 0x0000000712000000| Untracked 
|  65|0x0000000712200000, 0x0000000712200000, 0x0000000712400000|  0%| F|  |TAMS 0x0000000712200000, 0x0000000712200000| Untracked 
|  66|0x0000000712400000, 0x0000000712400000, 0x0000000712600000|  0%| F|  |TAMS 0x0000000712400000, 0x0000000712400000| Untracked 
|  67|0x0000000712600000, 0x0000000712600000, 0x0000000712800000|  0%| F|  |TAMS 0x0000000712600000, 0x0000000712600000| Untracked 
|  68|0x0000000712800000, 0x0000000712800000, 0x0000000712a00000|  0%| F|  |TAMS 0x0000000712800000, 0x0000000712800000| Untracked 
|  69|0x0000000712a00000, 0x0000000712a00000, 0x0000000712c00000|  0%| F|  |TAMS 0x0000000712a00000, 0x0000000712a00000| Untracked 
|  70|0x0000000712c00000, 0x0000000712c00000, 0x0000000712e00000|  0%| F|  |TAMS 0x0000000712c00000, 0x0000000712c00000| Untracked 
|  71|0x0000000712e00000, 0x0000000712e00000, 0x0000000713000000|  0%| F|  |TAMS 0x0000000712e00000, 0x0000000712e00000| Untracked 
|  72|0x0000000713000000, 0x0000000713000000, 0x0000000713200000|  0%| F|  |TAMS 0x0000000713000000, 0x0000000713000000| Untracked 
|  73|0x0000000713200000, 0x0000000713200000, 0x0000000713400000|  0%| F|  |TAMS 0x0000000713200000, 0x0000000713200000| Untracked 
|  74|0x0000000713400000, 0x0000000713400000, 0x0000000713600000|  0%| F|  |TAMS 0x0000000713400000, 0x0000000713400000| Untracked 
|  75|0x0000000713600000, 0x0000000713600000, 0x0000000713800000|  0%| F|  |TAMS 0x0000000713600000, 0x0000000713600000| Untracked 
|  76|0x0000000713800000, 0x0000000713800000, 0x0000000713a00000|  0%| F|  |TAMS 0x0000000713800000, 0x0000000713800000| Untracked 
|  77|0x0000000713a00000, 0x0000000713a00000, 0x0000000713c00000|  0%| F|  |TAMS 0x0000000713a00000, 0x0000000713a00000| Untracked 
|  78|0x0000000713c00000, 0x0000000713c00000, 0x0000000713e00000|  0%| F|  |TAMS 0x0000000713c00000, 0x0000000713c00000| Untracked 
|  79|0x0000000713e00000, 0x0000000713e00000, 0x0000000714000000|  0%| F|  |TAMS 0x0000000713e00000, 0x0000000713e00000| Untracked 
|  80|0x0000000714000000, 0x0000000714000000, 0x0000000714200000|  0%| F|  |TAMS 0x0000000714000000, 0x0000000714000000| Untracked 
|  81|0x0000000714200000, 0x0000000714200000, 0x0000000714400000|  0%| F|  |TAMS 0x0000000714200000, 0x0000000714200000| Untracked 
|  82|0x0000000714400000, 0x0000000714400000, 0x0000000714600000|  0%| F|  |TAMS 0x0000000714400000, 0x0000000714400000| Untracked 
|  83|0x0000000714600000, 0x0000000714600000, 0x0000000714800000|  0%| F|  |TAMS 0x0000000714600000, 0x0000000714600000| Untracked 
|  84|0x0000000714800000, 0x0000000714800000, 0x0000000714a00000|  0%| F|  |TAMS 0x0000000714800000, 0x0000000714800000| Untracked 
|  85|0x0000000714a00000, 0x0000000714a00000, 0x0000000714c00000|  0%| F|  |TAMS 0x0000000714a00000, 0x0000000714a00000| Untracked 
|  86|0x0000000714c00000, 0x0000000714c00000, 0x0000000714e00000|  0%| F|  |TAMS 0x0000000714c00000, 0x0000000714c00000| Untracked 
|  87|0x0000000714e00000, 0x0000000714e00000, 0x0000000715000000|  0%| F|  |TAMS 0x0000000714e00000, 0x0000000714e00000| Untracked 
|  88|0x0000000715000000, 0x0000000715000000, 0x0000000715200000|  0%| F|  |TAMS 0x0000000715000000, 0x0000000715000000| Untracked 
|  89|0x0000000715200000, 0x0000000715200000, 0x0000000715400000|  0%| F|  |TAMS 0x0000000715200000, 0x0000000715200000| Untracked 
|  90|0x0000000715400000, 0x0000000715400000, 0x0000000715600000|  0%| F|  |TAMS 0x0000000715400000, 0x0000000715400000| Untracked 
|  91|0x0000000715600000, 0x0000000715600000, 0x0000000715800000|  0%| F|  |TAMS 0x0000000715600000, 0x0000000715600000| Untracked 
|  92|0x0000000715800000, 0x0000000715800000, 0x0000000715a00000|  0%| F|  |TAMS 0x0000000715800000, 0x0000000715800000| Untracked 
|  93|0x0000000715a00000, 0x0000000715a00000, 0x0000000715c00000|  0%| F|  |TAMS 0x0000000715a00000, 0x0000000715a00000| Untracked 
|  94|0x0000000715c00000, 0x0000000715c00000, 0x0000000715e00000|  0%| F|  |TAMS 0x0000000715c00000, 0x0000000715c00000| Untracked 
|  95|0x0000000715e00000, 0x0000000715e00000, 0x0000000716000000|  0%| F|  |TAMS 0x0000000715e00000, 0x0000000715e00000| Untracked 
|  96|0x0000000716000000, 0x0000000716000000, 0x0000000716200000|  0%| F|  |TAMS 0x0000000716000000, 0x0000000716000000| Untracked 
|  97|0x0000000716200000, 0x0000000716200000, 0x0000000716400000|  0%| F|  |TAMS 0x0000000716200000, 0x0000000716200000| Untracked 
|  98|0x0000000716400000, 0x0000000716400000, 0x0000000716600000|  0%| F|  |TAMS 0x0000000716400000, 0x0000000716400000| Untracked 
|  99|0x0000000716600000, 0x0000000716600000, 0x0000000716800000|  0%| F|  |TAMS 0x0000000716600000, 0x0000000716600000| Untracked 
| 100|0x0000000716800000, 0x0000000716800000, 0x0000000716a00000|  0%| F|  |TAMS 0x0000000716800000, 0x0000000716800000| Untracked 
| 101|0x0000000716a00000, 0x0000000716a00000, 0x0000000716c00000|  0%| F|  |TAMS 0x0000000716a00000, 0x0000000716a00000| Untracked 
| 102|0x0000000716c00000, 0x0000000716c00000, 0x0000000716e00000|  0%| F|  |TAMS 0x0000000716c00000, 0x0000000716c00000| Untracked 
| 103|0x0000000716e00000, 0x0000000716e00000, 0x0000000717000000|  0%| F|  |TAMS 0x0000000716e00000, 0x0000000716e00000| Untracked 
| 104|0x0000000717000000, 0x0000000717000000, 0x0000000717200000|  0%| F|  |TAMS 0x0000000717000000, 0x0000000717000000| Untracked 
| 105|0x0000000717200000, 0x0000000717200000, 0x0000000717400000|  0%| F|  |TAMS 0x0000000717200000, 0x0000000717200000| Untracked 
| 106|0x0000000717400000, 0x0000000717400000, 0x0000000717600000|  0%| F|  |TAMS 0x0000000717400000, 0x0000000717400000| Untracked 
| 107|0x0000000717600000, 0x0000000717600000, 0x0000000717800000|  0%| F|  |TAMS 0x0000000717600000, 0x0000000717600000| Untracked 
| 108|0x0000000717800000, 0x0000000717800000, 0x0000000717a00000|  0%| F|  |TAMS 0x0000000717800000, 0x0000000717800000| Untracked 
| 109|0x0000000717a00000, 0x0000000717a00000, 0x0000000717c00000|  0%| F|  |TAMS 0x0000000717a00000, 0x0000000717a00000| Untracked 
| 110|0x0000000717c00000, 0x0000000717c00000, 0x0000000717e00000|  0%| F|  |TAMS 0x0000000717c00000, 0x0000000717c00000| Untracked 
| 111|0x0000000717e00000, 0x0000000717e00000, 0x0000000718000000|  0%| F|  |TAMS 0x0000000717e00000, 0x0000000717e00000| Untracked 
| 112|0x0000000718000000, 0x0000000718000000, 0x0000000718200000|  0%| F|  |TAMS 0x0000000718000000, 0x0000000718000000| Untracked 
| 113|0x0000000718200000, 0x0000000718200000, 0x0000000718400000|  0%| F|  |TAMS 0x0000000718200000, 0x0000000718200000| Untracked 
| 114|0x0000000718400000, 0x0000000718400000, 0x0000000718600000|  0%| F|  |TAMS 0x0000000718400000, 0x0000000718400000| Untracked 
| 115|0x0000000718600000, 0x0000000718600000, 0x0000000718800000|  0%| F|  |TAMS 0x0000000718600000, 0x0000000718600000| Untracked 
| 116|0x0000000718800000, 0x0000000718800000, 0x0000000718a00000|  0%| F|  |TAMS 0x0000000718800000, 0x0000000718800000| Untracked 
| 117|0x0000000718a00000, 0x0000000718a00000, 0x0000000718c00000|  0%| F|  |TAMS 0x0000000718a00000, 0x0000000718a00000| Untracked 
| 118|0x0000000718c00000, 0x0000000718c00000, 0x0000000718e00000|  0%| F|  |TAMS 0x0000000718c00000, 0x0000000718c00000| Untracked 
| 119|0x0000000718e00000, 0x0000000718e71ff0, 0x0000000719000000| 22%| E|  |TAMS 0x0000000718e00000, 0x0000000718e00000| Complete 
| 120|0x0000000719000000, 0x0000000719200000, 0x0000000719200000|100%| E|CS|TAMS 0x0000000719000000, 0x0000000719000000| Complete 
| 121|0x0000000719200000, 0x0000000719400000, 0x0000000719400000|100%| E|CS|TAMS 0x0000000719200000, 0x0000000719200000| Complete 
| 122|0x0000000719400000, 0x0000000719600000, 0x0000000719600000|100%| E|CS|TAMS 0x0000000719400000, 0x0000000719400000| Complete 

Card table byte_map: [0x0000018bc2db0000,0x0000018bc3560000] _byte_map_base: 0x0000018bbf560000

Marking Bits (Prev, Next): (CMBitMap*) 0x0000018bada65140, (CMBitMap*) 0x0000018bada65180
 Prev Bits: [0x0000018bc3d10000, 0x0000018bc7a90000)
 Next Bits: [0x0000018bc7a90000, 0x0000018bcb810000)

Polling page: 0x0000018badab0000

Metaspace:

Usage:
  Non-class:      9.49 MB used.
      Class:   1021.26 KB used.
       Both:     10.49 MB used.

Virtual space:
  Non-class space:       64.00 MB reserved,       9.56 MB ( 15%) committed,  1 nodes.
      Class space:        1.00 GB reserved,       1.12 MB ( <1%) committed,  1 nodes.
             Both:        1.06 GB reserved,      10.69 MB ( <1%) committed. 

Chunk freelists:
   Non-Class:  6.30 MB
       Class:  14.75 MB
        Both:  21.05 MB

MaxMetaspaceSize: unlimited
CompressedClassSpaceSize: 1.00 GB
Initial GC threshold: 21.00 MB
Current GC threshold: 21.00 MB
CDS: off
MetaspaceReclaimPolicy: balanced
 - commit_granule_bytes: 65536.
 - commit_granule_words: 8192.
 - virtual_space_node_default_size: 8388608.
 - enlarge_chunks_in_place: 1.
 - new_chunks_are_fully_committed: 0.
 - uncommit_free_chunks: 1.
 - use_allocation_guard: 0.
 - handle_deallocations: 1.


Internal statistics:

num_allocs_failed_limit: 0.
num_arena_births: 50.
num_arena_deaths: 0.
num_vsnodes_births: 2.
num_vsnodes_deaths: 0.
num_space_committed: 171.
num_space_uncommitted: 0.
num_chunks_returned_to_freelist: 0.
num_chunks_taken_from_freelist: 98.
num_chunk_merges: 0.
num_chunk_splits: 50.
num_chunks_enlarged: 31.
num_inconsistent_stats: 0.

CodeHeap 'non-profiled nmethods': size=120000Kb used=162Kb max_used=162Kb free=119837Kb
 bounds [0x0000018bba430000, 0x0000018bba6a0000, 0x0000018bc1960000]
CodeHeap 'profiled nmethods': size=120000Kb used=822Kb max_used=822Kb free=119177Kb
 bounds [0x0000018bb2960000, 0x0000018bb2bd0000, 0x0000018bb9e90000]
CodeHeap 'non-nmethods': size=5760Kb used=1146Kb max_used=1159Kb free=4614Kb
 bounds [0x0000018bb9e90000, 0x0000018bba100000, 0x0000018bba430000]
 total_blobs=993 nmethods=558 adapters=348
 compilation: enabled
              stopped_count=0, restarted_count=0
 full_count=0

Compilation events (20 events):
Event: 0.461 Thread 0x0000018bce72fa40  542       3       java.lang.invoke.MemberName::getInvocationType (56 bytes)
Event: 0.462 Thread 0x0000018bce72ed20 nmethod 530 0x0000018bba456490 code [0x0000018bba456600, 0x0000018bba4567d8]
Event: 0.462 Thread 0x0000018bce72fa40 nmethod 542 0x0000018bb2a29f10 code [0x0000018bb2a2a140, 0x0000018bb2a2aa88]
Event: 0.462 Thread 0x0000018bce72fa40  546       1       java.lang.invoke.LambdaForm$Name::index (5 bytes)
Event: 0.462 Thread 0x0000018bce72fa40 nmethod 546 0x0000018bba457290 code [0x0000018bba457420, 0x0000018bba4574f8]
Event: 0.462 Thread 0x0000018bce72fa40  547       3       jdk.internal.org.objectweb.asm.Frame::push (109 bytes)
Event: 0.463 Thread 0x0000018bce72fa40 nmethod 547 0x0000018bb2a2ad10 code [0x0000018bb2a2aee0, 0x0000018bb2a2b488]
Event: 0.463 Thread 0x0000018bce72fa40  548       3       jdk.internal.org.objectweb.asm.SymbolTable::addConstantMemberReference (147 bytes)
Event: 0.463 Thread 0x0000018bce72fa40 nmethod 548 0x0000018bb2a2b690 code [0x0000018bb2a2b900, 0x0000018bb2a2c1e8]
Event: 0.463 Thread 0x0000018bce72fa40  549       3       jdk.internal.org.objectweb.asm.SymbolTable::hash (20 bytes)
Event: 0.464 Thread 0x0000018bce72fa40 nmethod 549 0x0000018bb2a2c710 code [0x0000018bb2a2c8c0, 0x0000018bb2a2ca88]
Event: 0.464 Thread 0x0000018bce72fa40  550       3       jdk.internal.org.objectweb.asm.AnnotationWriter::putAnnotations (67 bytes)
Event: 0.464 Thread 0x0000018bce72fa40 nmethod 550 0x0000018bb2a2cc10 code [0x0000018bb2a2ce20, 0x0000018bb2a2d258]
Event: 0.464 Thread 0x0000018bce72fa40  551       1       java.lang.invoke.LambdaForm$BasicType::basicTypeClass (5 bytes)
Event: 0.464 Thread 0x0000018bce72fa40 nmethod 551 0x0000018bba457b90 code [0x0000018bba457d20, 0x0000018bba457df8]
Event: 0.464 Thread 0x0000018bce72fa40  554       1       java.lang.invoke.LambdaForm$Name::type (5 bytes)
Event: 0.464 Thread 0x0000018bce72fa40 nmethod 554 0x0000018bba458190 code [0x0000018bba458320, 0x0000018bba4583f8]
Event: 0.464 Thread 0x0000018bce72fa40  558       3       java.lang.invoke.MethodType::parameterSlotCount (8 bytes)
Event: 0.464 Thread 0x0000018bce72fa40 nmethod 558 0x0000018bb2a2d510 code [0x0000018bb2a2d6a0, 0x0000018bb2a2d7d8]
Event: 0.464 Thread 0x0000018bce72fa40  559       3       java.lang.invoke.LambdaForm::internArgument (85 bytes)

GC Heap History (0 events):
No events

Dll operation events (1 events):
Event: 0.012 Loaded shared library C:\Program Files\JetBrains\IntelliJ IDEA 2024.1.2\jbr\bin\java.dll

Deoptimization events (10 events):
Event: 0.409 Thread 0x0000018bad9f9a00 Uncommon trap: trap_request=0xffffff45 fr.pc=0x0000018bba44c7cc relative=0x00000000000004ac
Event: 0.409 Thread 0x0000018bad9f9a00 Uncommon trap: reason=unstable_if action=reinterpret pc=0x0000018bba44c7cc method=java.lang.AbstractStringBuilder.putStringAt(ILjava/lang/String;II)V @ 8 c2
Event: 0.409 Thread 0x0000018bad9f9a00 DEOPT PACKING pc=0x0000018bba44c7cc sp=0x000000530bbfdbd0
Event: 0.409 Thread 0x0000018bad9f9a00 DEOPT UNPACKING pc=0x0000018bb9ee69a3 sp=0x000000530bbfda68 mode 2
Event: 0.410 Thread 0x0000018bad9f9a00 DEOPT PACKING pc=0x0000018bb29943ad sp=0x000000530bbfdcc0
Event: 0.410 Thread 0x0000018bad9f9a00 DEOPT UNPACKING pc=0x0000018bb9ee7143 sp=0x000000530bbfd158 mode 0
Event: 0.417 Thread 0x0000018bad9f9a00 Uncommon trap: trap_request=0xffffff45 fr.pc=0x0000018bba44f274 relative=0x0000000000000074
Event: 0.417 Thread 0x0000018bad9f9a00 Uncommon trap: reason=unstable_if action=reinterpret pc=0x0000018bba44f274 method=jdk.internal.misc.Unsafe.convEndian(ZI)I @ 4 c2
Event: 0.417 Thread 0x0000018bad9f9a00 DEOPT PACKING pc=0x0000018bba44f274 sp=0x000000530bbfdc80
Event: 0.417 Thread 0x0000018bad9f9a00 DEOPT UNPACKING pc=0x0000018bb9ee69a3 sp=0x000000530bbfdbb0 mode 2

Classes unloaded (0 events):
No events

Classes redefined (0 events):
No events

Internal exceptions (15 events):
Event: 0.275 Thread 0x0000018bad9f9a00 Exception <a 'sun/nio/fs/WindowsException'{0x0000000719316c60}> (0x0000000719316c60) 
thrown [s\src\hotspot\share\prims\jni.cpp, line 531]
Event: 0.299 Thread 0x0000018bad9f9a00 Exception <a 'java/lang/NoSuchMethodError'{0x0000000719342308}: 'int java.lang.invoke.DirectMethodHandle$Holder.invokeStaticInit(java.lang.Object, java.lang.Object, java.lang.Object, java.lang.Object)'> (0x0000000719342308) 
thrown [s\src\hotspot\share\interpreter\linkResolver.cpp, line 771]
Event: 0.302 Thread 0x0000018bad9f9a00 Exception <a 'java/lang/NoSuchMethodError'{0x000000071934cfd8}: 'java.lang.Object java.lang.invoke.DirectMethodHandle$Holder.invokeInterface(java.lang.Object, java.lang.Object)'> (0x000000071934cfd8) 
thrown [s\src\hotspot\share\interpreter\linkResolver.cpp, line 771]
Event: 0.302 Thread 0x0000018bad9f9a00 Exception <a 'java/lang/IncompatibleClassChangeError'{0x00000007193508f8}: Found class java.lang.Object, but interface was expected> (0x00000007193508f8) 
thrown [s\src\hotspot\share\interpreter\linkResolver.cpp, line 838]
Event: 0.303 Thread 0x0000018bad9f9a00 Exception <a 'java/lang/NoSuchMethodError'{0x0000000719353ca8}: 'void java.lang.invoke.DirectMethodHandle$Holder.invokeStatic(java.lang.Object, java.lang.Object)'> (0x0000000719353ca8) 
thrown [s\src\hotspot\share\interpreter\linkResolver.cpp, line 771]
Event: 0.304 Thread 0x0000018bad9f9a00 Exception <a 'java/lang/NoSuchMethodError'{0x0000000719357818}: 'void java.lang.invoke.DirectMethodHandle$Holder.invokeStaticInit(java.lang.Object, java.lang.Object)'> (0x0000000719357818) 
thrown [s\src\hotspot\share\interpreter\linkResolver.cpp, line 771]
Event: 0.306 Thread 0x0000018bad9f9a00 Exception <a 'java/lang/NoSuchMethodError'{0x000000071935e090}: 'int java.lang.invoke.DirectMethodHandle$Holder.invokeStaticInit(java.lang.Object, java.lang.Object)'> (0x000000071935e090) 
thrown [s\src\hotspot\share\interpreter\linkResolver.cpp, line 771]
Event: 0.358 Thread 0x0000018bad9f9a00 Exception <a 'java/lang/NoSuchMethodError'{0x0000000719045238}: 'java.lang.Object java.lang.invoke.DirectMethodHandle$Holder.invokeStaticInit(java.lang.Object, int, int, int, int)'> (0x0000000719045238) 
thrown [s\src\hotspot\share\interpreter\linkResolver.cpp, line 771]
Event: 0.413 Thread 0x0000018bad9f9a00 Exception <a 'java/lang/NoSuchMethodError'{0x00000007191256c0}: 'java.lang.Object java.lang.invoke.DirectMethodHandle$Holder.invokeStaticInit(java.lang.Object, java.lang.Object, int, int, int, int)'> (0x00000007191256c0) 
thrown [s\src\hotspot\share\interpreter\linkResolver.cpp, line 771]
Event: 0.426 Thread 0x0000018bad9f9a00 Exception <a 'java/lang/NoSuchMethodError'{0x000000071918e3e8}: 'java.lang.Object java.lang.invoke.DirectMethodHandle$Holder.invokeStatic(java.lang.Object, java.lang.Object, int)'> (0x000000071918e3e8) 
thrown [s\src\hotspot\share\interpreter\linkResolver.cpp, line 771]
Event: 0.426 Thread 0x0000018bad9f9a00 Exception <a 'java/lang/NoSuchMethodError'{0x0000000719191b60}: 'java.lang.Object java.lang.invoke.DirectMethodHandle$Holder.invokeStaticInit(java.lang.Object, java.lang.Object, int)'> (0x0000000719191b60) 
thrown [s\src\hotspot\share\interpreter\linkResolver.cpp, line 771]
Event: 0.427 Thread 0x0000018bad9f9a00 Exception <a 'java/lang/NoSuchMethodError'{0x0000000719198048}: 'java.lang.Object java.lang.invoke.DirectMethodHandle$Holder.newInvokeSpecial(java.lang.Object, java.lang.Object, int)'> (0x0000000719198048) 
thrown [s\src\hotspot\share\interpreter\linkResolver.cpp, line 771]
Event: 0.430 Thread 0x0000018bad9f9a00 Exception <a 'java/lang/NoSuchMethodError'{0x00000007191a7860}: 'int java.lang.invoke.DirectMethodHandle$Holder.invokeStaticInit(java.lang.Object, java.lang.Object, java.lang.Object)'> (0x00000007191a7860) 
thrown [s\src\hotspot\share\interpreter\linkResolver.cpp, line 771]
Event: 0.432 Thread 0x0000018bad9f9a00 Exception <a 'java/lang/NoSuchMethodError'{0x00000007191b7a40}: 'int java.lang.invoke.DirectMethodHandle$Holder.invokeSpecial(java.lang.Object, java.lang.Object, java.lang.Object)'> (0x00000007191b7a40) 
thrown [s\src\hotspot\share\interpreter\linkResolver.cpp, line 771]
Event: 0.434 Thread 0x0000018bad9f9a00 Exception <a 'java/lang/NoSuchMethodError'{0x00000007191bfe20}: 'int java.lang.invoke.DirectMethodHandle$Holder.invokeSpecialIFC(java.lang.Object, java.lang.Object, java.lang.Object)'> (0x00000007191bfe20) 
thrown [s\src\hotspot\share\interpreter\linkResolver.cpp, line 771]

VM Operations (6 events):
Event: 0.148 Executing VM operation: HandshakeAllThreads
Event: 0.148 Executing VM operation: HandshakeAllThreads done
Event: 0.169 Executing VM operation: HandshakeAllThreads
Event: 0.169 Executing VM operation: HandshakeAllThreads done
Event: 0.374 Executing VM operation: HandshakeAllThreads
Event: 0.374 Executing VM operation: HandshakeAllThreads done

Events (20 events):
Event: 0.450 loading class jdk/internal/logger/LazyLoggers$LazyLoggerAccessor done
Event: 0.451 loading class jdk/internal/logger/BootstrapLogger$RedirectedLoggers
Event: 0.451 loading class jdk/internal/logger/BootstrapLogger$RedirectedLoggers done
Event: 0.451 loading class jdk/internal/logger/SurrogateLogger
Event: 0.451 loading class jdk/internal/logger/SimpleConsoleLogger
Event: 0.451 loading class sun/util/logging/PlatformLogger$ConfigurableBridge$LoggerConfiguration
Event: 0.451 loading class sun/util/logging/PlatformLogger$ConfigurableBridge$LoggerConfiguration done
Event: 0.452 loading class jdk/internal/logger/SimpleConsoleLogger done
Event: 0.452 loading class jdk/internal/logger/SurrogateLogger done
Event: 0.452 loading class sun/util/logging/PlatformLogger
Event: 0.452 loading class sun/util/logging/PlatformLogger done
Event: 0.452 loading class sun/util/logging/PlatformLogger$Level
Event: 0.452 loading class sun/util/logging/PlatformLogger$Level done
Event: 0.457 loading class java/lang/invoke/MethodHandleImpl$AsVarargsCollector
Event: 0.457 loading class java/lang/invoke/MethodHandleImpl$AsVarargsCollector done
Event: 0.461 loading class java/lang/invoke/BoundMethodHandle$Species_LL
Event: 0.461 loading class java/lang/invoke/BoundMethodHandle$Species_LL done
Event: 0.463 loading class java/lang/invoke/BoundMethodHandle$Species_LLL
Event: 0.463 loading class java/lang/invoke/BoundMethodHandle$Species_LLL done
Event: 0.464 loading class java/lang/Long$LongCache


Dynamic libraries:
0x00007ff7a9090000 - 0x00007ff7a909a000 	C:\Program Files\JetBrains\IntelliJ IDEA 2024.1.2\jbr\bin\java.exe
0x00007ffb54090000 - 0x00007ffb542a4000 	C:\WINDOWS\SYSTEM32\ntdll.dll
0x00007ffb53e10000 - 0x00007ffb53ed2000 	C:\WINDOWS\System32\KERNEL32.DLL
0x00007ffb51900000 - 0x00007ffb51c9c000 	C:\WINDOWS\System32\KERNELBASE.dll
0x00007ffb51760000 - 0x00007ffb51871000 	C:\WINDOWS\System32\ucrtbase.dll
0x00007ffb35610000 - 0x00007ffb35627000 	C:\Program Files\JetBrains\IntelliJ IDEA 2024.1.2\jbr\bin\jli.dll
0x00007ffb35630000 - 0x00007ffb3564b000 	C:\Program Files\JetBrains\IntelliJ IDEA 2024.1.2\jbr\bin\VCRUNTIME140.dll
0x00007ffb535b0000 - 0x00007ffb5375b000 	C:\WINDOWS\System32\USER32.dll
0x00007ffb51d60000 - 0x00007ffb51d86000 	C:\WINDOWS\System32\win32u.dll
0x00007ffb3cb30000 - 0x00007ffb3cdbe000 	C:\WINDOWS\WinSxS\amd64_microsoft.windows.common-controls_6595b64144ccf1df_6.0.22621.317_none_a9434687c10c9fa2\COMCTL32.dll
0x00007ffb53f70000 - 0x00007ffb53f99000 	C:\WINDOWS\System32\GDI32.dll
0x00007ffb53910000 - 0x00007ffb539b7000 	C:\WINDOWS\System32\msvcrt.dll
0x00007ffb51640000 - 0x00007ffb51752000 	C:\WINDOWS\System32\gdi32full.dll
0x00007ffb51d90000 - 0x00007ffb51e2a000 	C:\WINDOWS\System32\msvcp_win.dll
0x00007ffb531b0000 - 0x00007ffb531e1000 	C:\WINDOWS\System32\IMM32.DLL
0x00007ffb42940000 - 0x00007ffb4294c000 	C:\Program Files\JetBrains\IntelliJ IDEA 2024.1.2\jbr\bin\vcruntime140_1.dll
0x00007ffaeb020000 - 0x00007ffaeb0ad000 	C:\Program Files\JetBrains\IntelliJ IDEA 2024.1.2\jbr\bin\msvcp140.dll
0x00007ffac1000000 - 0x00007ffac1c83000 	C:\Program Files\JetBrains\IntelliJ IDEA 2024.1.2\jbr\bin\server\jvm.dll
0x00007ffb53c60000 - 0x00007ffb53d0e000 	C:\WINDOWS\System32\ADVAPI32.dll
0x00007ffb526e0000 - 0x00007ffb52784000 	C:\WINDOWS\System32\sechost.dll
0x00007ffb53b40000 - 0x00007ffb53c55000 	C:\WINDOWS\System32\RPCRT4.dll
0x00007ffb50de0000 - 0x00007ffb50e2d000 	C:\WINDOWS\SYSTEM32\POWRPROF.dll
0x00007ffb33120000 - 0x00007ffb33129000 	C:\WINDOWS\SYSTEM32\WSOCK32.dll
0x00007ffb4c000000 - 0x00007ffb4c034000 	C:\WINDOWS\SYSTEM32\WINMM.dll
0x00007ffb483e0000 - 0x00007ffb483ea000 	C:\WINDOWS\SYSTEM32\VERSION.dll
0x00007ffb52790000 - 0x00007ffb52801000 	C:\WINDOWS\System32\WS2_32.dll
0x00007ffb50d40000 - 0x00007ffb50d53000 	C:\WINDOWS\SYSTEM32\UMPDC.dll
0x00007ffb50550000 - 0x00007ffb50568000 	C:\WINDOWS\SYSTEM32\kernel.appcore.dll
0x00007ffb4e090000 - 0x00007ffb4e09a000 	C:\Program Files\JetBrains\IntelliJ IDEA 2024.1.2\jbr\bin\jimage.dll
0x00007ffb4eac0000 - 0x00007ffb4ecee000 	C:\WINDOWS\SYSTEM32\DBGHELP.DLL
0x00007ffb53220000 - 0x00007ffb535a9000 	C:\WINDOWS\System32\combase.dll
0x00007ffb530d0000 - 0x00007ffb531a7000 	C:\WINDOWS\System32\OLEAUT32.dll
0x00007ffb38c20000 - 0x00007ffb38c52000 	C:\WINDOWS\SYSTEM32\dbgcore.DLL
0x00007ffb51880000 - 0x00007ffb518fb000 	C:\WINDOWS\System32\bcryptPrimitives.dll
0x00007ffb441c0000 - 0x00007ffb441e5000 	C:\Program Files\JetBrains\IntelliJ IDEA 2024.1.2\jbr\bin\java.dll
0x00007ffb3f430000 - 0x00007ffb3f448000 	C:\Program Files\JetBrains\IntelliJ IDEA 2024.1.2\jbr\bin\zip.dll
0x00007ffb51f00000 - 0x00007ffb526db000 	C:\WINDOWS\System32\SHELL32.dll
0x00007ffb4f530000 - 0x00007ffb4fde5000 	C:\WINDOWS\SYSTEM32\windows.storage.dll
0x00007ffb4f3f0000 - 0x00007ffb4f52d000 	C:\WINDOWS\SYSTEM32\wintypes.dll
0x00007ffb53810000 - 0x00007ffb53901000 	C:\WINDOWS\System32\SHCORE.dll
0x00007ffb51ea0000 - 0x00007ffb51efe000 	C:\WINDOWS\System32\shlwapi.dll
0x00007ffb51400000 - 0x00007ffb51421000 	C:\WINDOWS\SYSTEM32\profapi.dll
0x00007ffb3f3b0000 - 0x00007ffb3f3c9000 	C:\Program Files\JetBrains\IntelliJ IDEA 2024.1.2\jbr\bin\net.dll
0x00007ffb4ae10000 - 0x00007ffb4af3f000 	C:\WINDOWS\SYSTEM32\WINHTTP.dll
0x00007ffb509b0000 - 0x00007ffb50a19000 	C:\WINDOWS\system32\mswsock.dll
0x00007ffb3f1a0000 - 0x00007ffb3f1b6000 	C:\Program Files\JetBrains\IntelliJ IDEA 2024.1.2\jbr\bin\nio.dll
0x00007ffb50c60000 - 0x00007ffb50c7b000 	C:\WINDOWS\SYSTEM32\CRYPTSP.dll
0x00007ffb504c0000 - 0x00007ffb504f5000 	C:\WINDOWS\system32\rsaenh.dll
0x00007ffb50b10000 - 0x00007ffb50b38000 	C:\WINDOWS\SYSTEM32\USERENV.dll
0x00007ffb50ea0000 - 0x00007ffb50ec8000 	C:\WINDOWS\SYSTEM32\bcrypt.dll
0x00007ffb50c80000 - 0x00007ffb50c8c000 	C:\WINDOWS\SYSTEM32\CRYPTBASE.dll
0x00007ffb50040000 - 0x00007ffb5006d000 	C:\WINDOWS\SYSTEM32\IPHLPAPI.DLL
0x00007ffb53050000 - 0x00007ffb53059000 	C:\WINDOWS\System32\NSI.dll
0x00007ffb4af70000 - 0x00007ffb4af89000 	C:\WINDOWS\SYSTEM32\dhcpcsvc6.DLL
0x00007ffb4aaf0000 - 0x00007ffb4ab0f000 	C:\WINDOWS\SYSTEM32\dhcpcsvc.DLL
0x00007ffb500b0000 - 0x00007ffb501a2000 	C:\WINDOWS\SYSTEM32\DNSAPI.dll

dbghelp: loaded successfully - version: 4.0.5 - missing functions: none
symbol engine: initialized successfully - sym options: 0x614 - pdb path: .;C:\Program Files\JetBrains\IntelliJ IDEA 2024.1.2\jbr\bin;C:\WINDOWS\SYSTEM32;C:\WINDOWS\WinSxS\amd64_microsoft.windows.common-controls_6595b64144ccf1df_6.0.22621.317_none_a9434687c10c9fa2;C:\Program Files\JetBrains\IntelliJ IDEA 2024.1.2\jbr\bin\server

VM Arguments:
java_command: git4idea.http.GitAskPassApp Password for 'https://DanilAlekseev@github.com': 
java_class_path (initial): C:/Program Files/JetBrains/IntelliJ IDEA 2024.1.2/plugins/vcs-git/lib/git4idea-rt.jar;C:/Program Files/JetBrains/IntelliJ IDEA 2024.1.2/lib/externalProcess-rt.jar
Launcher Type: SUN_STANDARD

[Global flags]
     intx CICompilerCount                          = 4                                         {product} {ergonomic}
     uint ConcGCThreads                            = 3                                         {product} {ergonomic}
     uint G1ConcRefinementThreads                  = 10                                        {product} {ergonomic}
   size_t G1HeapRegionSize                         = 2097152                                   {product} {ergonomic}
    uintx GCDrainStackTargetSize                   = 64                                        {product} {ergonomic}
   size_t InitialHeapSize                          = 257949696                                 {product} {ergonomic}
   size_t MarkStackSize                            = 4194304                                   {product} {ergonomic}
   size_t MaxHeapSize                              = 4127195136                                {product} {ergonomic}
   size_t MaxNewSize                               = 2474639360                                {product} {ergonomic}
   size_t MinHeapDeltaBytes                        = 2097152                                   {product} {ergonomic}
   size_t MinHeapSize                              = 8388608                                   {product} {ergonomic}
    uintx NonNMethodCodeHeapSize                   = 5839372                                {pd product} {ergonomic}
    uintx NonProfiledCodeHeapSize                  = 122909434                              {pd product} {ergonomic}
    uintx ProfiledCodeHeapSize                     = 122909434                              {pd product} {ergonomic}
    uintx ReservedCodeCacheSize                    = 251658240                              {pd product} {ergonomic}
     bool SegmentedCodeCache                       = true                                      {product} {ergonomic}
   size_t SoftMaxHeapSize                          = 4127195136                             {manageable} {ergonomic}
     bool UseCompressedClassPointers               = true                           {product lp64_product} {ergonomic}
     bool UseCompressedOops                        = true                           {product lp64_product} {ergonomic}
     bool UseG1GC                                  = true                                      {product} {ergonomic}
     bool UseLargePagesIndividualAllocation        = false                                  {pd product} {ergonomic}

Logging:
Log output configuration:
 #0: stdout all=warning uptime,level,tags
 #1: stderr all=off uptime,level,tags

Environment Variables:
PATH=D:\Downloads\Git\mingw64\libexec\git-core;D:\Downloads\Git\mingw64\libexec\git-core;D:\Downloads\Git\mingw64\bin;D:\Downloads\Git\usr\bin;C:\Users\Влад Петров\bin;C:\Program Files\Common Files\Oracle\Java\javapath;C:\WINDOWS\system32;C:\WINDOWS;C:\WINDOWS\System32\Wbem;C:\WINDOWS\System32\WindowsPowerShell\v1.0;C:\WINDOWS\System32\OpenSSH;C:\MinGW\bin;D:\Downloads\Git\cmd;C:\Program Files (x86)\Windows Kits\10\Windows Performance Toolkit;C:\Program Files\dotnet;C:\Program Files\Microsoft SQL Server\Client SDK\ODBC\130\Tools\Binn;C:\Program Files (x86)\Microsoft SQL Server\130\Tools\Binn;C:\Program Files\Microsoft SQL Server\130\Tools\Binn;C:\Program Files\Microsoft SQL Server\130\DTS\Binn;C:\Users\Влад Петров\AppData\Local\Programs\Python\Python311\Scripts;C:\Users\Влад Петров\AppData\Local\Programs\Python\Python311;C:\Users\Влад Петров\AppData\Local\Programs\Python\Python310\Scripts;C:\Users\Влад Петров\AppData\Local\Programs\Python\Python310;C:\Users\Влад Петров\AppData\Local\Microsoft\WindowsApps;D:\Python\PyCharm Community Edition 2022.3.2\bin;D:\Downloads\intelliji\IntelliJ IDEA Community Edition 2023.2.1\bin;D:\vscode\Microsoft VS Code\bin;C:\Users\Влад Петров\.dotnet\tools;C:\Users\Влад Петров\AppData\Local\gitkraken\bin;C:\Program Files\JetBrains\IntelliJ IDEA 2024.1.2\bin
USERNAME=Влад Петров
DISPLAY=:0.0
LC_ALL=en_US.UTF-8
TERM=xterm-256color
TMPDIR=C:\Users\5375~1\AppData\Local\Temp
OS=Windows_NT
PROCESSOR_IDENTIFIER=AMD64 Family 23 Model 96 Stepping 1, AuthenticAMD
TMP=C:\Users\5375~1\AppData\Local\Temp
TEMP=C:\Users\5375~1\AppData\Local\Temp



Periodic native trim disabled

JNI global refs:
JNI global refs: 19, weak refs: 0

JNI global refs memory usage: 843, weak refs: 209

Process memory usage:
Resident Set Size: 52636K (0% of 16119104K total physical memory with 3978360K free physical memory)

OOME stack traces (most recent first):
Classloader memory used:
Loader bootstrap                                                                       : 1306K
Loader jdk.internal.loader.ClassLoaders$PlatformClassLoader                            : 35158B
Loader jdk.internal.loader.ClassLoaders$AppClassLoader                                 : 1808B


---------------  S Y S T E M  ---------------

OS:
 Windows 11 , 64 bit Build 22621 (10.0.22621.457)
OS uptime: 10 days 1:29 hours

CPU: total 12 (initial active 12) (12 cores per cpu, 2 threads per core) family 23 model 96 stepping 1 microcode 0x0, cx8, cmov, fxsr, ht, mmx, 3dnowpref, sse, sse2, sse3, ssse3, sse4a, sse4.1, sse4.2, popcnt, lzcnt, tsc, tscinvbit, avx, avx2, aes, clmul, bmi1, bmi2, adx, sha, fma, vzeroupper, clflush, clflushopt
Processor Information for all 12 processors :
  Max Mhz: 3000, Current Mhz: 3000, Mhz Limit: 3000

Memory: 4k page, system-wide physical 15741M (3885M free)
TotalPageFile size 18562M (AvailPageFile size 3M)
current process WorkingSet (physical memory assigned to process): 51M, peak: 51M
current process commit charge ("private bytes"): 340M, peak: 341M

vm_info: OpenJDK 64-Bit Server VM (17.0.11+1-b1207.24) for windows-amd64 JRE (17.0.11+1-b1207.24), built on 2024-05-15 by "builduser" with MS VC++ 16.10 / 16.11 (VS2019)

END.
